
> nextn@0.1.0 dev
> next dev -p 5000

   ▲ Next.js 15.3.8
   - Local:        http://localhost:5000
   - Network:      http://192.168.0.2:5000

 ✓ Starting...
 ✓ Ready in 1997ms
 ○ Compiling /journal ...
 ✓ Compiled /journal in 16.3s (3087 modules)
 GET /journal 200 in 18036ms
 ✓ Compiled in 1866ms (1403 modules)
 ○ Compiling /_not-found ...
 ✓ Compiled /_not-found in 4.3s (3059 modules)
 GET /api/auth/user 404 in 4794ms
 HEAD /journal 200 in 333ms
 GET /journal 200 in 206ms
 GET /api/auth/user 404 in 65ms
 GET /journal 200 in 273ms
 GET /api/auth/user 404 in 56ms
 GET /journal 200 in 200ms
 GET /api/auth/user 404 in 71ms
 GET /journal 200 in 195ms
 GET /api/auth/user 404 in 62ms
 ✓ Compiled in 1144ms (3055 modules)
 GET /journal 200 in 862ms
 ○ Compiling /_not-found ...
 ✓ Compiled /_not-found in 535ms (3059 modules)
 GET /api/auth/user 404 in 975ms
